# JRE version: OpenJDK Runtime Environment (11.0.13) (build 11.0.13+0-b1751.21-8125866)
# Java VM: OpenJDK 64-Bit Server VM (11.0.13+0-b1751.21-8125866, mixed mode, tiered, compressed oops, g1 gc, windows-amd64)
Heap:
 garbage-first heap   total 655360K, used 224767K [0x0000000080000000, 0x0000000100000000)
  region size 1024K, 3 young (3072K), 3 survivors (3072K)
 Metaspace       used 196906K, capacity 202115K, committed 202416K, reserved 1226752K
  class space    used 23418K, capacity 25275K, committed 25344K, reserved 1048576K
GC Heap History (20 events):
Event: 4540.277 GC heap after
{Heap after GC invocations=251 (full 0):
 garbage-first heap   total 328704K, used 214685K [0x0000000080000000, 0x0000000100000000)
  region size 1024K, 3 young (3072K), 3 survivors (3072K)
 Metaspace       used 184705K, capacity 189576K, committed 189872K, reserved 1214464K
  class space    used 22232K, capacity 23991K, committed 24064K, reserved 1048576K
}
Event: 4540.416 GC heap before
{Heap before GC invocations=251 (full 0):
 garbage-first heap   total 328704K, used 266909K [0x0000000080000000, 0x0000000100000000)
  region size 1024K, 55 young (56320K), 3 survivors (3072K)
 Metaspace       used 184706K, capacity 189576K, committed 189872K, reserved 1214464K
  class space    used 22232K, capacity 23991K, committed 24064K, reserved 1048576K
}
Event: 4540.421 GC heap after
{Heap after GC invocations=252 (full 0):
 garbage-first heap   total 328704K, used 215311K [0x0000000080000000, 0x0000000100000000)
  region size 1024K, 3 young (3072K), 3 survivors (3072K)
 Metaspace       used 184706K, capacity 189576K, committed 189872K, reserved 1214464K
  class space    used 22232K, capacity 23991K, committed 24064K, reserved 1048576K
}
Event: 4540.552 GC heap before
{Heap before GC invocations=252 (full 0):
 garbage-first heap   total 328704K, used 269583K [0x0000000080000000, 0x0000000100000000)
  region size 1024K, 57 young (58368K), 3 survivors (3072K)
 Metaspace       used 184707K, capacity 189576K, committed 189872K, reserved 1214464K
  class space    used 22232K, capacity 23991K, committed 24064K, reserved 1048576K
}
Event: 4540.558 GC heap after
{Heap after GC invocations=253 (full 0):
 garbage-first heap   total 328704K, used 216158K [0x0000000080000000, 0x0000000100000000)
  region size 1024K, 4 young (4096K), 4 survivors (4096K)
 Metaspace       used 184707K, capacity 189576K, committed 189872K, reserved 1214464K
  class space    used 22232K, capacity 23991K, committed 24064K, reserved 1048576K
}
Event: 4540.681 GC heap before
{Heap before GC invocations=253 (full 0):
 garbage-first heap   total 328704K, used 272478K [0x0000000080000000, 0x0000000100000000)
  region size 1024K, 60 young (61440K), 4 survivors (4096K)
 Metaspace       used 184707K, capacity 189576K, committed 189872K, reserved 1214464K
  class space    used 22232K, capacity 23991K, committed 24064K, reserved 1048576K
}
Event: 4540.698 GC heap after
{Heap after GC invocations=254 (full 0):
 garbage-first heap   total 457728K, used 217114K [0x0000000080000000, 0x0000000100000000)
  region size 1024K, 5 young (5120K), 5 survivors (5120K)
 Metaspace       used 184707K, capacity 189576K, committed 189872K, reserved 1214464K
  class space    used 22232K, capacity 23991K, committed 24064K, reserved 1048576K
}
Event: 4541.782 GC heap before
{Heap before GC invocations=255 (full 0):
 garbage-first heap   total 457728K, used 329754K [0x0000000080000000, 0x0000000100000000)
  region size 1024K, 116 young (118784K), 5 survivors (5120K)
 Metaspace       used 184707K, capacity 189576K, committed 189872K, reserved 1214464K
  class space    used 22232K, capacity 23991K, committed 24064K, reserved 1048576K
}
Event: 4541.796 GC heap after
{Heap after GC invocations=256 (full 0):
 garbage-first heap   total 457728K, used 211410K [0x0000000080000000, 0x0000000100000000)
  region size 1024K, 1 young (1024K), 1 survivors (1024K)
 Metaspace       used 184707K, capacity 189576K, committed 189872K, reserved 1214464K
  class space    used 22232K, capacity 23991K, committed 24064K, reserved 1048576K
}
Event: 4542.145 GC heap before
{Heap before GC invocations=256 (full 0):
 garbage-first heap   total 457728K, used 387537K [0x0000000080000000, 0x0000000100000000)
  region size 1024K, 174 young (178176K), 1 survivors (1024K)
 Metaspace       used 184708K, capacity 189576K, committed 189872K, reserved 1214464K
  class space    used 22232K, capacity 23991K, committed 24064K, reserved 1048576K
}
Event: 4542.165 GC heap after
{Heap after GC invocations=257 (full 0):
 garbage-first heap   total 457728K, used 212220K [0x0000000080000000, 0x0000000100000000)
  region size 1024K, 2 young (2048K), 2 survivors (2048K)
 Metaspace       used 184708K, capacity 189576K, committed 189872K, reserved 1214464K
  class space    used 22232K, capacity 23991K, committed 24064K, reserved 1048576K
}
Event: 4544.361 GC heap before
{Heap before GC invocations=258 (full 0):
 garbage-first heap   total 457728K, used 331004K [0x0000000080000000, 0x0000000100000000)
  region size 1024K, 115 young (117760K), 2 survivors (2048K)
 Metaspace       used 186793K, capacity 191788K, committed 191920K, reserved 1216512K
  class space    used 22492K, capacity 24300K, committed 24320K, reserved 1048576K
}
Event: 4544.374 GC heap after
{Heap after GC invocations=259 (full 0):
 garbage-first heap   total 457728K, used 216010K [0x0000000080000000, 0x0000000100000000)
  region size 1024K, 3 young (3072K), 3 survivors (3072K)
 Metaspace       used 186793K, capacity 191788K, committed 191920K, reserved 1216512K
  class space    used 22492K, capacity 24300K, committed 24320K, reserved 1048576K
}
Event: 4545.497 GC heap before
{Heap before GC invocations=260 (full 0):
 garbage-first heap   total 457728K, used 241610K [0x0000000080000000, 0x0000000100000000)
  region size 1024K, 27 young (27648K), 3 survivors (3072K)
 Metaspace       used 191608K, capacity 196605K, committed 196784K, reserved 1220608K
  class space    used 22982K, capacity 24820K, committed 24832K, reserved 1048576K
}
Event: 4545.505 GC heap after
{Heap after GC invocations=261 (full 0):
 garbage-first heap   total 457728K, used 216609K [0x0000000080000000, 0x0000000100000000)
  region size 1024K, 4 young (4096K), 4 survivors (4096K)
 Metaspace       used 191608K, capacity 196605K, committed 196784K, reserved 1220608K
  class space    used 22982K, capacity 24820K, committed 24832K, reserved 1048576K
}
Event: 4546.832 GC heap before
{Heap before GC invocations=262 (full 0):
 garbage-first heap   total 457728K, used 240161K [0x0000000080000000, 0x0000000100000000)
  region size 1024K, 27 young (27648K), 4 survivors (4096K)
 Metaspace       used 192633K, capacity 197780K, committed 197936K, reserved 1222656K
  class space    used 23074K, capacity 24934K, committed 24960K, reserved 1048576K
}
Event: 4546.849 GC heap after
{Heap after GC invocations=263 (full 0):
 garbage-first heap   total 457728K, used 222459K [0x0000000080000000, 0x0000000100000000)
  region size 1024K, 9 young (9216K), 9 survivors (9216K)
 Metaspace       used 192633K, capacity 197780K, committed 197936K, reserved 1222656K
  class space    used 23074K, capacity 24934K, committed 24960K, reserved 1048576K
}
Event: 4547.693 GC heap before
{Heap before GC invocations=264 (full 0):
 garbage-first heap   total 457728K, used 265467K [0x0000000080000000, 0x0000000100000000)
  region size 1024K, 50 young (51200K), 9 survivors (9216K)
 Metaspace       used 194907K, capacity 199962K, committed 200240K, reserved 1224704K
  class space    used 23270K, capacity 25124K, committed 25216K, reserved 1048576K
}
Event: 4547.734 GC heap after
{Heap after GC invocations=265 (full 0):
 garbage-first heap   total 457728K, used 232876K [0x0000000080000000, 0x0000000100000000)
  region size 1024K, 16 young (16384K), 16 survivors (16384K)
 Metaspace       used 194907K, capacity 199962K, committed 200240K, reserved 1224704K
  class space    used 23270K, capacity 25124K, committed 25216K, reserved 1048576K
}
Event: 4565.520 GC heap before
{Heap before GC invocations=266 (full 0):
 garbage-first heap   total 457728K, used 291244K [0x0000000080000000, 0x0000000100000000)
  region size 1024K, 74 young (75776K), 16 survivors (16384K)
 Metaspace       used 196906K, capacity 202115K, committed 202416K, reserved 1226752K
  class space    used 23418K, capacity 25275K, committed 25344K, reserved 1048576K
}

